{"C:\\Users\\jalil\\OneDrive\\Bureau\\2024-2025\\S7\\AWI\\YJGames\\JYbackend\\src\\Models\\game.js": {"path":"C:\\Users\\jalil\\OneDrive\\Bureau\\2024-2025\\S7\\AWI\\YJGames\\JYbackend\\src\\Models\\game.js","statementMap":{"0":{"start":{"line":1,"column":17},"end":{"line":1,"column":36}},"1":{"start":{"line":2,"column":15},"end":{"line":2,"column":30}},"2":{"start":{"line":4,"column":19},"end":{"line":9,"column":2}},"3":{"start":{"line":11,"column":0},"end":{"line":11,"column":52}}},"fnMap":{},"branchMap":{},"s":{"0":1,"1":1,"2":1,"3":1},"f":{},"b":{},"_coverageSchema":"1a1c01bbd47fc00a2c39e90264f33305004495a9","hash":"4b896f06289746619aa75d98eb5e84794cd41cae"}
}
